C51 COMPILER V9.01   3_2A                                                                  10/22/2024 21:26:54 PAGE 1   


C51 COMPILER V9.01, COMPILATION OF MODULE 3_2A
OBJECT MODULE PLACED IN 3-2A.OBJ
COMPILER INVOKED BY: F:\keil\C51\BIN\C51.EXE 3-2A.c BROWSE DEBUG OBJECTEXTEND

line level    source

   1          #include <reg51.h>                   //包含头文件reg51.h 
   2          #include <intrins.h>
   3          sbit   s1=P0^0;                       //定义位变量
   4          unsigned char key=0;
   5          void delay(unsigned int i)     //定义延时函数 
   6          {  unsigned  int  k;
   7   1         for(k=0; k<i;k++) ;     }
   8             void main(  )                 //主函数
   9          {  unsigned  char   i;      //定义字变量i，记录按下次数、
  10   1         P1=0xff ;                     //P1=1111  1111B ,  LED灯全灭
  11   1         while(1)   
  12   1         {  s1=1;
  13   2            if(s1==0) 
  14   2           {  delay(1200);            //延时10ms 去抖动
  15   3               if (s1==0)                //再次检测到按键按下 
  16   3               key++;                    //记录按键次数
  17   3               key=key%5;          //处理按键次数
  18   3      if(key==1)    {P1=0;}  //第一种情况，全亮
  19   3      if(key==2)    {P1=0xFF;} //第二种情况，全灭  
  20   3      if(key==3) {
  21   4                   while(1){
  22   5                                        P1=0;delay(50000);P1=0xFF;delay(50000);if(s1==1) {break;}      } 
  23   4                               } //第三种情况，闪烁
  24   3      if(key==4) {P1=0xFE;                               //第四种情况，流水灯
  25   4                  for(i=0;i<8;i++)            //循环8次
  26   4                  { delay(50000);           //延时
  27   5                     P1=_crol_(P1,1); }         //P1左移1位           
  28   4                  P1=0xff;}                                     //流水灯结束所有灯熄灭
  29   3      if(key==0)                //第五种情况
  30   3             {int m;
  31   4                 P1=0xFE;
  32   4                 for(m=0;m<7;m++){
  33   5                 delay(50000);
  34   5                 P1=P1<<1;}  
  35   4                      }      
  36   3       while(!s1)  ;      //等待按键释放
  37   3       delay(1200);     //延时去抖动  
  38   3         }  }}


MODULE INFORMATION:   STATIC OVERLAYABLE
   CODE SIZE        =    172    ----
   CONSTANT SIZE    =   ----    ----
   XDATA SIZE       =   ----    ----
   PDATA SIZE       =   ----    ----
   DATA SIZE        =      1       2
   IDATA SIZE       =   ----    ----
   BIT SIZE         =   ----    ----
END OF MODULE INFORMATION.


C51 COMPILATION COMPLETE.  0 WARNING(S),  0 ERROR(S)
